<?xml version="1.0" encoding="UTF-8"?>
<testsuite name="nl.hanze.hive.SpelmateriaalSpec" tests="2" skipped="0" failures="0" errors="0" timestamp="2021-10-14T09:48:32" hostname="kevins-MacBook-Pro.local" time="0.046">
  <properties/>
  <testcase name="testIfPlayerTileColourIsBlack()" classname="nl.hanze.hive.SpelmateriaalSpec" time="0.043"/>
  <testcase name="testIfPlayerTileColourIsWhite()" classname="nl.hanze.hive.SpelmateriaalSpec" time="0.001"/>
  <system-out><![CDATA[]]></system-out>
  <system-err><![CDATA[]]></system-err>
</testsuite>
