<?xml version="1.0" encoding="UTF-8"?>
<testsuite name="nl.hanze.hive.SpelmateriaalSpec" tests="12" skipped="0" failures="0" errors="0" timestamp="2021-10-26T14:18:27" hostname="kevins-MacBook-Pro.local" time="0.039">
  <properties/>
  <testcase name="testIfPlayerGetsCorrectAmmountOfSpoders()" classname="nl.hanze.hive.SpelmateriaalSpec" time="0.005"/>
  <testcase name="testIfPlayerBlackColourIsBlack()" classname="nl.hanze.hive.SpelmateriaalSpec" time="0.001"/>
  <testcase name="testIfTileIsSS()" classname="nl.hanze.hive.SpelmateriaalSpec" time="0.002"/>
  <testcase name="testIfPlayerGetsCorrectAmmountOfQueenBee()" classname="nl.hanze.hive.SpelmateriaalSpec" time="0.002"/>
  <testcase name="testIfPlayerGetsCorrectAmmountOfGrasshopper()" classname="nl.hanze.hive.SpelmateriaalSpec" time="0.002"/>
  <testcase name="testIfPlayerGetsCorrectAmmountOfSS()" classname="nl.hanze.hive.SpelmateriaalSpec" time="0.004"/>
  <testcase name="testIfTileIsBeeQeueen()" classname="nl.hanze.hive.SpelmateriaalSpec" time="0.003"/>
  <testcase name="testIfPlayerGetsCorrectAmmountOfBeetle()" classname="nl.hanze.hive.SpelmateriaalSpec" time="0.001"/>
  <testcase name="testIfPlayerWhiteColourIsWhite()" classname="nl.hanze.hive.SpelmateriaalSpec" time="0.001"/>
  <testcase name="testIfTileIsBeetle()" classname="nl.hanze.hive.SpelmateriaalSpec" time="0.001"/>
  <testcase name="testIfTileIsGrassHoper()" classname="nl.hanze.hive.SpelmateriaalSpec" time="0.001"/>
  <testcase name="testIfTileIsSpoder()" classname="nl.hanze.hive.SpelmateriaalSpec" time="0.001"/>
  <system-out><![CDATA[]]></system-out>
  <system-err><![CDATA[]]></system-err>
</testsuite>
